<?xml version="1.0" encoding="UTF-8"?>
<!-- Generated by org.testng.reporters.JUnitReportReporter -->
<testsuite skipped="0" hostname="DESKTOP-0481EJ2" name="demo.Logic" tests="1" failures="0" timestamp="2020-11-01T17:37:36 IST" time="0.014" errors="0">
  <testcase name="method" time="0.014" classname="demo.Logic"/>
  <system-out/>
</testsuite> <!-- demo.Logic -->
